<?xml version="1.0" encoding="UTF-8"?>
<testsuite name="com.bridgelabz.servicetest.TestStateCensusAnalyser" tests="1" skipped="0" failures="0" errors="0" timestamp="2020-03-19T06:55:07" hostname="2020-PC" time="0.178">
  <properties/>
  <testcase name="givenStateCodeCsvFile_WhenIncorrectHeader_ReturnCustomException" classname="com.bridgelabz.servicetest.TestStateCensusAnalyser" time="0.178"/>
  <system-out><![CDATA[]]></system-out>
  <system-err><![CDATA[]]></system-err>
</testsuite>
