<?xml version="1.0" encoding="UTF-8"?>
<testsuite name="com.bridgelabz.servicetest.TestStateCensusAnalyser" tests="1" skipped="0" failures="0" errors="0" timestamp="2020-03-17T06:49:30" hostname="administrator-LIVA-Z2V" time="0.016">
  <properties/>
  <testcase name="givenStateCensusAnalyserFile_WhenImproperFileName_ReturnsException" classname="com.bridgelabz.servicetest.TestStateCensusAnalyser" time="0.016"/>
  <system-out><![CDATA[]]></system-out>
  <system-err><![CDATA[]]></system-err>
</testsuite>
