<?xml version="1.0" encoding="UTF-8"?>
<testsuite name="com.bridgelabz.servicetest.TestStateCensusAnalyser" tests="5" skipped="0" failures="0" errors="0" timestamp="2020-03-18T12:27:52" hostname="2020-PC" time="0.267">
  <properties/>
  <testcase name="givenStateCensusAnalyserFile_WhenIncorrectHeader_ReturnCustomException" classname="com.bridgelabz.servicetest.TestStateCensusAnalyser" time="0.214"/>
  <testcase name="givenStateCensusAnalyserFile_WhenIncorrectDelimiter_ReturnCustomException" classname="com.bridgelabz.servicetest.TestStateCensusAnalyser" time="0.002"/>
  <testcase name="givenStateCensusAnalyserFile_WhenIncorrectType_ReturnCustomException" classname="com.bridgelabz.servicetest.TestStateCensusAnalyser" time="0.0"/>
  <testcase name="givenStateCensusAnalyserFile_WhenImproperFileName_ReturnsException" classname="com.bridgelabz.servicetest.TestStateCensusAnalyser" time="0.003"/>
  <testcase name="givenStateCensusAnalyserFile_WhenTrue_NumberOfRecordShouldMatch" classname="com.bridgelabz.servicetest.TestStateCensusAnalyser" time="0.045"/>
  <system-out><![CDATA[State: Uttar Pradesh
Area: 240928
Density: 828
Population: 199812341
State: Maharashta
Area: 307713
Density: 365
Population: 112372972
State: Bihar
Area: 94163
Density: 1102
Population: 103804637
State: West Bengal
Area: 88752
Density: 1029
Population: 91347736
State: Madhya Pradesh
Area: 308245
Density: 236
Population: 72597565
State: Tamil Nadu
Area: 130058
Density: 555
Population: 72138958
State: Rajasthan
Area: 342239
Density: 201
Population: 68621012
State: Karnataka
Area: 191791
Density: 319
Population: 61130704
State: Gujarat
Area: 196024
Density: 308
Population: 60383628
State: Andhra Pradesh
Area: 162968
Density: 303
Population: 49386799
State: Odisha
Area: 155707
Density: 269
Population: 41947358
State: Telangana
Area: 114840
Density: 307
Population: 35286757
State: Kerala
Area: 38863
Density: 859
Population: 33387677
State: Jharkhand
Area: 79714
Density: 414
Population: 32966238
State: Assam
Area: 78438
Density: 397
Population: 31169272
State: Punjab
Area: 50362
Density: 550
Population: 27704236
State: Chattisgarh
Area: 135191
Density: 189
Population: 25540196
State: Haryana
Area: 44212
Density: 573
Population: 25353081
State: Jammu and Kashmir
Area: 222236
Density: 57
Population: 12548926
State: Uttarakhand
Area: 53483
Density: 189
Population: 10116752
State: Himachal Pradesh
Area: 55673
Density: 123
Population: 6864602
State: Tripura
Area: 10486
Density: 350
Population: 3671032
State: Meghalaya
Area: 22429
Density: 132
Population: 2964007
State: Manipur
Area: 22327
Density: 122
Population: 2721756
State: Nagaland
Area: 16579
Density: 119
Population: 1980602
State: Goa
Area: 3702
Density: 394
Population: 1457723
State: Arunachal Pradesh
Area: 0
Density: 0
Population: 1382611
State: Mizoram
Area: 21081
Density: 52
Population: 1091014
State: Sikkim
Area: 7096
Density: 86
Population: 607688
]]></system-out>
  <system-err><![CDATA[]]></system-err>
</testsuite>
