<?xml version="1.0" encoding="UTF-8"?>
<testsuite name="com.bridgelabz.servicetest.TestStateCensusAnalyser" tests="1" skipped="0" failures="0" errors="0" timestamp="2020-03-17T05:33:26" hostname="administrator-LIVA-Z2V" time="0.429">
  <properties/>
  <testcase name="givenStateCensusAnalyserFile_WhenTrue_NumberOfRecordShoulMatch" classname="com.bridgelabz.servicetest.TestStateCensusAnalyser" time="0.429"/>
  <system-out><![CDATA[State: Uttar Pradesh
Area: null
Density: null
Population: 199812341
State: Maharashta
Area: null
Density: null
Population: 112372972
State: Bihar
Area: null
Density: null
Population: 103804637
State: West Bengal
Area: null
Density: null
Population: 91347736
State: Madhya Pradesh
Area: null
Density: null
Population: 72597565
State: Tamil Nadu
Area: null
Density: null
Population: 72138958
State: Rajasthan
Area: null
Density: null
Population: 68621012
State: Karnataka
Area: null
Density: null
Population: 61130704
State: Gujarat
Area: null
Density: null
Population: 60383628
State: Andhra Pradesh
Area: null
Density: null
Population: 49386799
State: Odisha
Area: null
Density: null
Population: 41947358
State: Telangana
Area: null
Density: null
Population: 35286757
State: Kerala
Area: null
Density: null
Population: 33387677
State: Jharkhand
Area: null
Density: null
Population: 32966238
State: Assam
Area: null
Density: null
Population: 31169272
State: Punjab
Area: null
Density: null
Population: 27704236
State: Chattisgarh
Area: null
Density: null
Population: 25540196
State: Haryana
Area: null
Density: null
Population: 25353081
State: Jammu and Kashmir
Area: null
Density: null
Population: 12548926
State: Uttarakhand
Area: null
Density: null
Population: 10116752
State: Himachal Pradesh
Area: null
Density: null
Population: 6864602
State: Tripura
Area: null
Density: null
Population: 3671032
State: Meghalaya
Area: null
Density: null
Population: 2964007
State: Manipur
Area: null
Density: null
Population: 2721756
State: Nagaland
Area: null
Density: null
Population: 1980602
State: Goa
Area: null
Density: null
Population: 1457723
State: Arunachal Pradesh
Area: null
Density: null
Population: 1382611
State: Mizoram
Area: null
Density: null
Population: 1091014
State: Sikkim
Area: null
Density: null
Population: 607688
]]></system-out>
  <system-err><![CDATA[]]></system-err>
</testsuite>
